2023-01-05 11:53:47,919 - INFO - Geo-Code Prediction: 713
2023-01-05 11:53:47,919 - INFO - Geohash Decimal Prediction: 6232
2023-01-05 11:53:47,919 - INFO - Geohash Code Prediction: 62o
2023-01-05 11:53:47,919 - INFO - ALT: Geohash Code Prediction: 62s
2023-01-05 11:56:05,289 - INFO - Geo-Code Prediction: 713
2023-01-05 11:56:05,289 - INFO - Geohash Decimal Prediction: 6232
2023-01-05 11:56:05,289 - INFO - Geohash Code Prediction: 1
2023-01-05 11:56:05,289 - INFO - ALT: Geohash Code Prediction: 62s
2023-01-05 11:57:25,939 - INFO - Geo-Code Prediction: 713
2023-01-05 11:57:25,939 - INFO - Geohash Decimal Prediction: 6232
2023-01-05 11:57:25,939 - INFO - Geohash Code Prediction: 1
2023-01-05 11:57:25,939 - INFO - ALT: Geohash Code Prediction: 62s
2023-01-05 11:57:25,939 - INFO - Latitude, Longitude (-68.0, -112.0)
2023-01-05 11:57:25,939 - INFO - ALT: Latitude, Longitude (-41.0, -72.0)
2023-01-05 11:58:35,910 - INFO - Geo-Code Prediction: 1165
2023-01-05 11:58:35,910 - INFO - Geohash Decimal Prediction: 29458
2023-01-05 11:58:35,910 - INFO - Geohash Code Prediction: 1
2023-01-05 11:58:35,910 - INFO - ALT: Geohash Code Prediction: wsk
2023-01-05 11:58:35,910 - INFO - Latitude, Longitude (-68.0, -112.0)
2023-01-05 11:58:35,910 - INFO - ALT: Latitude, Longitude (25.0, 119.0)
2023-01-05 11:59:34,368 - INFO - Geo-Code Prediction: 1835
2023-01-05 11:59:34,368 - INFO - Geohash Decimal Prediction: 25324
2023-01-05 11:59:34,368 - INFO - Geohash Code Prediction: 1
2023-01-05 11:59:34,368 - INFO - ALT: Geohash Code Prediction: srd
2023-01-05 11:59:34,368 - INFO - Latitude, Longitude (-68.0, -112.0)
2023-01-05 11:59:34,368 - INFO - ALT: Latitude, Longitude (43.0, 15.0)
2023-01-05 12:00:29,055 - INFO - Geo-Code Prediction: 1835
2023-01-05 12:00:29,055 - INFO - Geohash Decimal Prediction: 25324
2023-01-05 12:00:29,055 - INFO - Geohash Code Prediction: 1
2023-01-05 12:00:29,055 - INFO - ALT: Geohash Code Prediction: srd
2023-01-05 12:00:29,055 - INFO - Latitude, Longitude (-68.0, -112.0)
2023-01-05 12:00:29,055 - INFO - ALT: Latitude, Longitude (43.0, 15.0)
2023-01-05 12:01:50,166 - INFO - Geo-Code Prediction: 1835
2023-01-05 12:01:50,166 - INFO - Geohash Decimal Prediction: 25324
2023-01-05 12:01:50,166 - INFO - Geohash Code Prediction: 1
2023-01-05 12:01:50,166 - INFO - ALT: Geohash Code Prediction: srd
2023-01-05 12:01:50,166 - INFO - Latitude, Longitude (-68.0, -112.0)
2023-01-05 12:01:50,166 - INFO - ALT: Latitude, Longitude (43.0, 15.0)
2023-01-05 12:02:16,823 - INFO - Geo-Code Prediction: 1831
2023-01-05 12:02:16,823 - INFO - Geohash Decimal Prediction: 25320
2023-01-05 12:02:16,823 - INFO - Geohash Code Prediction: 1
2023-01-05 12:02:16,823 - INFO - ALT: Geohash Code Prediction: sr8
2023-01-05 12:02:16,823 - INFO - Latitude, Longitude (-68.0, -112.0)
2023-01-05 12:02:16,823 - INFO - ALT: Latitude, Longitude (43.0, 12.0)
2023-01-05 12:07:02,472 - INFO - Geo-Code Prediction: 1656
2023-01-05 12:07:02,472 - INFO - Geohash Decimal Prediction: 13024
2023-01-05 12:07:02,472 - INFO - Geohash Code Prediction: 1
2023-01-05 12:07:02,472 - INFO - ALT: Geohash Code Prediction: dr0
2023-01-05 12:07:02,472 - INFO - Latitude, Longitude (-68.0, -112.0)
2023-01-05 12:07:02,472 - INFO - ALT: Latitude, Longitude (40.0, -78.0)
2023-01-05 12:07:50,242 - INFO - Geo-Code Prediction: 1656
2023-01-05 12:07:50,242 - INFO - Geohash Decimal Prediction: 13024
2023-01-05 12:07:50,242 - INFO - Geohash Code Prediction: 1
2023-01-05 12:07:50,242 - INFO - ALT: Geohash Code Prediction: dr0
2023-01-05 12:07:50,242 - INFO - Latitude, Longitude (-68.0, -112.0)
2023-01-05 12:07:50,243 - INFO - ALT: Latitude, Longitude (40.0, -78.0)
2023-01-05 12:09:51,044 - INFO - Geo-Code Prediction: 1656
2023-01-05 12:09:51,044 - INFO - Geohash Decimal Prediction: 13024
2023-01-05 12:09:51,044 - INFO - Geohash Code Prediction: 1
2023-01-05 12:09:51,044 - INFO - ALT: Geohash Code Prediction: dr0
2023-01-05 12:09:51,044 - INFO - Latitude, Longitude (-68.0, -112.0)
2023-01-05 12:09:51,044 - INFO - ALT: Latitude, Longitude (40.0, -78.0)
2023-01-05 12:11:19,946 - INFO - Geo-Code Prediction: 1835
2023-01-05 12:11:19,946 - INFO - Geohash Decimal Prediction: 25324
2023-01-05 12:11:19,946 - INFO - Geohash Code Prediction: 1
2023-01-05 12:11:19,947 - INFO - ALT: Geohash Code Prediction: srd
2023-01-05 12:11:19,947 - INFO - Latitude, Longitude (-68.0, -112.0)
2023-01-05 12:11:19,947 - INFO - ALT: Latitude, Longitude (43.0, 15.0)
2023-01-05 13:02:15,807 - INFO - Geo-Code Prediction: 1835
2023-01-05 13:02:15,808 - INFO - Geohash Decimal Prediction: 25324
2023-01-05 13:02:15,809 - INFO - Geohash Code Prediction: 1
2023-01-05 13:02:15,809 - INFO - ALT: Geohash Code Prediction: srd
2023-01-05 13:02:15,810 - INFO - Latitude, Longitude (-68.0, -112.0)
2023-01-05 13:02:15,810 - INFO - ALT: Latitude, Longitude (43.0, 15.0)
2023-01-05 13:06:52,658 - INFO - Geo-Code Prediction: 1656
2023-01-05 13:06:52,659 - INFO - Geohash Decimal Prediction: 13024
2023-01-05 13:06:52,660 - INFO - Geohash Code Prediction: 1
2023-01-05 13:06:52,660 - INFO - ALT: Geohash Code Prediction: dr0
2023-01-05 13:06:52,660 - INFO - Latitude, Longitude (-68.0, -112.0)
2023-01-05 13:06:52,660 - INFO - ALT: Latitude, Longitude (40.0, -78.0)
2023-01-05 13:08:46,267 - INFO - Geo-Code Prediction: 1835
2023-01-05 13:08:46,268 - INFO - Geohash Decimal Prediction: 25324
2023-01-05 13:08:46,268 - INFO - Geohash Code Prediction: 1
2023-01-05 13:08:46,268 - INFO - ALT: Geohash Code Prediction: srd
2023-01-05 13:08:46,269 - INFO - Latitude, Longitude (-68.0, -112.0)
2023-01-05 13:08:46,269 - INFO - ALT: Latitude, Longitude (43.0, 15.0)
2023-01-05 13:09:06,572 - INFO - Geo-Code Prediction: 1653
2023-01-05 13:09:06,573 - INFO - Geohash Decimal Prediction: 13028
2023-01-05 13:09:06,573 - INFO - Geohash Code Prediction: 1
2023-01-05 13:09:06,573 - INFO - ALT: Geohash Code Prediction: dr4
2023-01-05 13:09:06,574 - INFO - Latitude, Longitude (-68.0, -112.0)
2023-01-05 13:09:06,574 - INFO - ALT: Latitude, Longitude (40.0, -75.0)
2023-01-05 13:10:16,345 - INFO - Geo-Code Prediction: 1835
2023-01-05 13:10:16,346 - INFO - Geohash Decimal Prediction: 25324
2023-01-05 13:10:16,347 - INFO - Geohash Code Prediction: 1
2023-01-05 13:10:16,347 - INFO - ALT: Geohash Code Prediction: srd
2023-01-05 13:10:16,347 - INFO - Latitude, Longitude (-68.0, -112.0)
2023-01-05 13:10:16,347 - INFO - ALT: Latitude, Longitude (43.0, 15.0)
2023-01-05 13:16:06,064 - INFO - Geo-Code Prediction: 1835
2023-01-05 13:16:06,065 - INFO - Geohash Decimal Prediction: 25324
2023-01-05 13:16:06,065 - INFO - Geohash Code Prediction: 1
2023-01-05 13:16:06,065 - INFO - ALT: Geohash Code Prediction: srd
2023-01-05 13:16:06,066 - INFO - Latitude, Longitude (-68.0, -112.0)
2023-01-05 13:16:06,066 - INFO - ALT: Latitude, Longitude (43.0, 15.0)
2023-01-05 13:16:34,850 - INFO - Geo-Code Prediction: 1831
2023-01-05 13:16:34,850 - INFO - Geohash Decimal Prediction: 25320
2023-01-05 13:16:34,851 - INFO - Geohash Code Prediction: 1
2023-01-05 13:16:34,851 - INFO - ALT: Geohash Code Prediction: sr8
2023-01-05 13:16:34,851 - INFO - Latitude, Longitude (-68.0, -112.0)
2023-01-05 13:16:34,852 - INFO - ALT: Latitude, Longitude (43.0, 12.0)
