2023-01-06 13:53:53,712 - INFO - Geo-Code Prediction: 1831
2023-01-06 13:53:53,712 - INFO - Geohash Decimal Prediction: 25320
2023-01-06 13:53:53,712 - INFO - Geohash Code Prediction: sr8
2023-01-06 13:53:53,713 - INFO - Latitude, Longitude (43.0, 12.0)
2023-01-06 14:04:01,201 - INFO - Geo-Code Prediction: 1831
2023-01-06 14:04:01,201 - INFO - Geohash Decimal Prediction: 25320
2023-01-06 14:04:01,201 - INFO - Geohash Code Prediction: sr8
2023-01-06 14:04:01,201 - INFO - Latitude, Longitude (43.0, 12.0)
2023-01-06 14:06:29,645 - INFO - Geo-Code Prediction: 1831
2023-01-06 14:06:29,645 - INFO - Geohash Decimal Prediction: 25320
2023-01-06 14:06:29,645 - INFO - Geohash Code Prediction: sr8
2023-01-06 14:06:29,645 - INFO - Latitude, Longitude (43.0, 12.0)
2023-01-06 14:09:01,526 - INFO - Geo-Code Prediction: 1831
2023-01-06 14:09:01,527 - INFO - Geohash Decimal Prediction: 25320
2023-01-06 14:09:01,527 - INFO - Geohash Code Prediction: sr8
2023-01-06 14:09:01,527 - INFO - Latitude, Longitude (43.0, 12.0)
2023-01-06 14:19:30,712 - INFO - Geo-Code Prediction: 1828
2023-01-06 14:19:30,713 - INFO - Geohash Decimal Prediction: 14317
2023-01-06 14:19:30,713 - INFO - Geohash Code Prediction: eze
2023-01-06 14:19:30,713 - INFO - Latitude, Longitude (43.0, -6.0)
2023-01-06 14:45:42,145 - INFO - Geo-Code Prediction: 1828
2023-01-06 14:45:42,146 - INFO - Geohash Decimal Prediction: 14317
2023-01-06 14:45:42,146 - INFO - Geohash Code Prediction: eze
2023-01-06 14:45:42,146 - INFO - Latitude, Longitude (43.0, -6.0)
2023-01-06 14:48:31,601 - INFO - Geo-Code Prediction: 1828
2023-01-06 14:48:31,601 - INFO - Geohash Decimal Prediction: 14317
2023-01-06 14:48:31,601 - INFO - Geohash Code Prediction: eze
2023-01-06 14:48:31,601 - INFO - Latitude, Longitude (43.0, -6.0)
2023-01-06 14:49:54,857 - INFO - Geo-Code Prediction: 1828
2023-01-06 14:49:54,858 - INFO - Geohash Decimal Prediction: 14317
2023-01-06 14:49:54,858 - INFO - Geohash Code Prediction: eze
2023-01-06 14:49:54,858 - INFO - Latitude, Longitude (43.0, -6.0)
2023-01-06 14:52:13,984 - INFO - Geo-Code Prediction: 1828
2023-01-06 14:52:13,985 - INFO - Geohash Decimal Prediction: 14317
2023-01-06 14:52:13,985 - INFO - Geohash Code Prediction: eze
2023-01-06 14:52:13,985 - INFO - Latitude, Longitude (43.0, -6.0)
2023-01-06 14:55:43,082 - INFO - Geo-Code Prediction: 1828
2023-01-06 14:55:43,083 - INFO - Geohash Decimal Prediction: 14317
2023-01-06 14:55:43,083 - INFO - Geohash Code Prediction: eze
2023-01-06 14:55:43,083 - INFO - Latitude, Longitude (43.0, -6.0)
2023-01-06 14:57:04,614 - INFO - Geo-Code Prediction: 1828
2023-01-06 14:57:04,614 - INFO - Geohash Decimal Prediction: 14317
2023-01-06 14:57:04,614 - INFO - Geohash Code Prediction: eze
2023-01-06 14:57:04,614 - INFO - Latitude, Longitude (43.0, -6.0)
2023-01-06 14:58:59,891 - INFO - Geo-Code Prediction: 1828
2023-01-06 14:58:59,891 - INFO - Geohash Decimal Prediction: 14317
2023-01-06 14:58:59,891 - INFO - Geohash Code Prediction: eze
2023-01-06 14:58:59,892 - INFO - Latitude, Longitude (43.0, -6.0)
2023-01-06 15:00:49,632 - INFO - Geo-Code Prediction: 1828
2023-01-06 15:00:49,632 - INFO - Geohash Decimal Prediction: 14317
2023-01-06 15:00:49,632 - INFO - Geohash Code Prediction: eze
2023-01-06 15:00:49,633 - INFO - Latitude, Longitude (43.0, -6.0)
2023-01-06 15:01:51,384 - INFO - Geo-Code Prediction: 1656
2023-01-06 15:01:51,385 - INFO - Geohash Decimal Prediction: 13024
2023-01-06 15:01:51,385 - INFO - Geohash Code Prediction: dr0
2023-01-06 15:01:51,385 - INFO - Latitude, Longitude (40.0, -78.0)
2023-01-06 15:02:52,721 - INFO - Geo-Code Prediction: 1653
2023-01-06 15:02:52,721 - INFO - Geohash Decimal Prediction: 13028
2023-01-06 15:02:52,721 - INFO - Geohash Code Prediction: dr4
2023-01-06 15:02:52,721 - INFO - Latitude, Longitude (40.0, -75.0)
2023-01-06 15:03:52,421 - INFO - Geo-Code Prediction: 1656
2023-01-06 15:03:52,422 - INFO - Geohash Decimal Prediction: 13024
2023-01-06 15:03:52,422 - INFO - Geohash Code Prediction: dr0
2023-01-06 15:03:52,422 - INFO - Latitude, Longitude (40.0, -78.0)
2023-01-06 15:04:23,800 - INFO - Geo-Code Prediction: 1656
2023-01-06 15:04:23,801 - INFO - Geohash Decimal Prediction: 13024
2023-01-06 15:04:23,801 - INFO - Geohash Code Prediction: dr0
2023-01-06 15:04:23,801 - INFO - Latitude, Longitude (40.0, -78.0)
2023-01-06 15:07:09,348 - INFO - Geo-Code Prediction: 1653
2023-01-06 15:07:09,348 - INFO - Geohash Decimal Prediction: 13028
2023-01-06 15:07:09,349 - INFO - Geohash Code Prediction: dr4
2023-01-06 15:07:09,349 - INFO - Latitude, Longitude (40.0, -75.0)
2023-01-06 15:08:57,967 - INFO - Geo-Code Prediction: 1939
2023-01-06 15:08:57,968 - INFO - Geohash Decimal Prediction: 14335
2023-01-06 15:08:57,969 - INFO - Geohash Code Prediction: ezz
2023-01-06 15:08:57,969 - INFO - Latitude, Longitude (44.0, -1.0)
2023-01-06 15:12:34,649 - INFO - Geo-Code Prediction: 1656
2023-01-06 15:12:34,651 - INFO - Geohash Decimal Prediction: 13024
2023-01-06 15:12:34,651 - INFO - Geohash Code Prediction: dr0
2023-01-06 15:12:34,651 - INFO - Latitude, Longitude (40.0, -78.0)
2023-01-06 15:13:41,180 - INFO - Geo-Code Prediction: 713
2023-01-06 15:13:41,182 - INFO - Geohash Decimal Prediction: 6232
2023-01-06 15:13:41,182 - INFO - Geohash Code Prediction: 62s
2023-01-06 15:13:41,182 - INFO - Latitude, Longitude (-41.0, -72.0)
2023-01-07 22:40:11,645 - INFO - Geo-Code Prediction: 1924
2023-01-07 22:40:11,646 - INFO - Geohash Decimal Prediction: 12991
2023-01-07 22:40:11,646 - INFO - Geohash Code Prediction: dpz
2023-01-07 22:40:11,646 - INFO - Latitude, Longitude (44.0, -79.0)
2023-01-07 22:40:57,718 - INFO - Geo-Code Prediction: 1924
2023-01-07 22:40:57,718 - INFO - Geohash Decimal Prediction: 12991
2023-01-07 22:40:57,719 - INFO - Geohash Code Prediction: dpz
2023-01-07 22:40:57,719 - INFO - Latitude, Longitude (44.0, -79.0)
2023-01-07 22:54:21,929 - INFO - Geo-Code Prediction: 1828
2023-01-07 22:54:21,929 - INFO - Geohash Decimal Prediction: 14317
2023-01-07 22:54:21,929 - INFO - Geohash Code Prediction: eze
2023-01-07 22:54:21,929 - INFO - Latitude, Longitude (43.0, -6.0)
2023-01-07 22:54:53,174 - INFO - Geo-Code Prediction: 1828
2023-01-07 22:54:53,174 - INFO - Geohash Decimal Prediction: 14317
2023-01-07 22:54:53,174 - INFO - Geohash Code Prediction: eze
2023-01-07 22:54:53,174 - INFO - Latitude, Longitude (43.0, -6.0)
2023-01-07 22:55:40,589 - INFO - Geo-Code Prediction: 1828
2023-01-07 22:55:40,590 - INFO - Geohash Decimal Prediction: 14317
2023-01-07 22:55:40,590 - INFO - Geohash Code Prediction: eze
2023-01-07 22:55:40,590 - INFO - Latitude, Longitude (43.0, -6.0)
2023-01-07 22:57:41,151 - INFO - Geo-Code Prediction: 1828
2023-01-07 22:57:41,151 - INFO - Geohash Decimal Prediction: 14317
2023-01-07 22:57:41,152 - INFO - Geohash Code Prediction: eze
2023-01-07 22:57:41,152 - INFO - Latitude, Longitude (43.0, -6.0)
2023-01-08 22:34:32,580 - INFO - Geo-Code Prediction: 2185
2023-01-08 22:34:32,580 - INFO - Geohash Decimal Prediction: 26701
2023-01-08 22:34:32,580 - INFO - Geohash Code Prediction: u2e
2023-01-08 22:34:32,580 - INFO - Latitude, Longitude (49.0, 16.0)
2023-01-08 22:34:38,845 - INFO - Geo-Code Prediction: 2185
2023-01-08 22:34:38,845 - INFO - Geohash Decimal Prediction: 26701
2023-01-08 22:34:38,845 - INFO - Geohash Code Prediction: u2e
2023-01-08 22:34:38,845 - INFO - Latitude, Longitude (49.0, 16.0)
2023-01-08 22:35:51,841 - INFO - Geo-Code Prediction: 1157
2023-01-08 22:35:51,841 - INFO - Geohash Decimal Prediction: 26135
2023-01-08 22:35:51,849 - INFO - Geohash Code Prediction: thr
2023-01-08 22:35:51,849 - INFO - Latitude, Longitude (25.0, 56.0)
2023-01-08 22:36:45,448 - INFO - Geo-Code Prediction: 1513
2023-01-08 22:36:45,448 - INFO - Geohash Decimal Prediction: 12953
2023-01-08 22:36:45,448 - INFO - Geohash Code Prediction: dnt
2023-01-08 22:36:45,448 - INFO - Latitude, Longitude (37.0, -82.0)
2023-01-08 22:37:43,781 - INFO - Geo-Code Prediction: 1544
2023-01-08 22:37:43,781 - INFO - Geohash Decimal Prediction: 29644
2023-01-08 22:37:43,781 - INFO - Geohash Code Prediction: wyd
2023-01-08 22:37:43,781 - INFO - Latitude, Longitude (37.0, 127.0)
2023-01-08 22:38:35,728 - INFO - Geo-Code Prediction: 804
2023-01-08 22:38:35,734 - INFO - Geohash Decimal Prediction: 6813
2023-01-08 22:38:35,734 - INFO - Geohash Code Prediction: 6nx
2023-01-08 22:38:35,734 - INFO - Latitude, Longitude (-8.0, -79.0)
2023-01-08 22:40:24,842 - INFO - Geo-Code Prediction: 1763
2023-01-08 22:40:24,842 - INFO - Geohash Decimal Prediction: 25318
2023-01-08 22:40:24,845 - INFO - Geohash Code Prediction: sr6
2023-01-08 22:40:24,845 - INFO - Latitude, Longitude (41.0, 15.0)
2023-01-08 22:41:08,621 - INFO - Geo-Code Prediction: 1544
2023-01-08 22:41:08,621 - INFO - Geohash Decimal Prediction: 29644
2023-01-08 22:41:08,621 - INFO - Geohash Code Prediction: wyd
2023-01-08 22:41:08,621 - INFO - Latitude, Longitude (37.0, 127.0)
2023-01-08 22:41:51,962 - INFO - Geo-Code Prediction: 2860
2023-01-08 22:41:51,962 - INFO - Geohash Decimal Prediction: 31949
2023-01-08 22:41:51,962 - INFO - Geohash Code Prediction: z6e
2023-01-08 22:41:51,962 - INFO - Latitude, Longitude (60.0, 151.0)
2023-01-08 22:42:42,524 - INFO - Geo-Code Prediction: 1123
2023-01-08 22:42:42,524 - INFO - Geohash Decimal Prediction: 29099
2023-01-08 22:42:42,524 - INFO - Geohash Code Prediction: wec
2023-01-08 22:42:42,524 - INFO - Latitude, Longitude (22.0, 115.0)
2023-01-08 22:43:53,074 - INFO - Geo-Code Prediction: 1833
2023-01-08 22:43:53,074 - INFO - Geohash Decimal Prediction: 13049
2023-01-08 22:43:53,074 - INFO - Geohash Code Prediction: drt
2023-01-08 22:43:53,082 - INFO - Latitude, Longitude (43.0, -71.0)
2023-01-08 22:48:04,074 - INFO - Geo-Code Prediction: 2396
2023-01-08 22:48:04,074 - INFO - Geohash Decimal Prediction: 15733
2023-01-08 22:48:04,074 - INFO - Geohash Code Prediction: gcp
2023-01-08 22:48:04,074 - INFO - Latitude, Longitude (51.0, -1.0)
2023-01-08 22:48:42,838 - INFO - Geo-Code Prediction: 2396
2023-01-08 22:48:42,838 - INFO - Geohash Decimal Prediction: 15733
2023-01-08 22:48:42,838 - INFO - Geohash Code Prediction: gcp
2023-01-08 22:48:42,838 - INFO - Latitude, Longitude (51.0, -1.0)
2023-01-08 22:50:38,721 - INFO - Geo-Code Prediction: 2396
2023-01-08 22:50:38,721 - INFO - Geohash Decimal Prediction: 15733
2023-01-08 22:50:38,721 - INFO - Geohash Code Prediction: gcp
2023-01-08 22:50:38,721 - INFO - Latitude, Longitude (51.0, -1.0)
2023-01-08 22:51:52,202 - INFO - Geo-Code Prediction: 1123
2023-01-08 22:51:52,202 - INFO - Geohash Decimal Prediction: 29099
2023-01-08 22:51:52,202 - INFO - Geohash Code Prediction: wec
2023-01-08 22:51:52,202 - INFO - Latitude, Longitude (22.0, 115.0)
2023-01-08 22:52:35,100 - INFO - Geo-Code Prediction: 86
2023-01-08 22:52:35,100 - INFO - Geohash Decimal Prediction: 6763
2023-01-08 22:52:35,100 - INFO - Geohash Code Prediction: 6mc
2023-01-08 22:52:35,100 - INFO - Latitude, Longitude (-12.0, -77.0)
2023-01-08 22:53:25,533 - INFO - Geo-Code Prediction: 1544
2023-01-08 22:53:25,533 - INFO - Geohash Decimal Prediction: 29644
2023-01-08 22:53:25,533 - INFO - Geohash Code Prediction: wyd
2023-01-08 22:53:25,541 - INFO - Latitude, Longitude (37.0, 127.0)
2023-01-08 22:54:07,285 - INFO - Geo-Code Prediction: 1612
2023-01-08 22:54:07,285 - INFO - Geohash Decimal Prediction: 10202
2023-01-08 22:54:07,285 - INFO - Geohash Code Prediction: 9yu
2023-01-08 22:54:07,288 - INFO - Latitude, Longitude (39.0, -95.0)
2023-01-08 23:11:52,473 - INFO - Geo-Code Prediction: 531
2023-01-08 23:11:52,480 - INFO - Geohash Decimal Prediction: 6353
2023-01-08 23:11:52,480 - INFO - Geohash Code Prediction: 66j
2023-01-08 23:11:52,480 - INFO - Latitude, Longitude (-33.0, -71.0)
2023-01-08 23:13:02,336 - INFO - Geo-Code Prediction: 1572
2023-01-08 23:13:02,336 - INFO - Geohash Decimal Prediction: 12943
2023-01-08 23:13:02,336 - INFO - Geohash Code Prediction: dng
2023-01-08 23:13:02,336 - INFO - Latitude, Longitude (39.0, -85.0)
2023-01-08 23:13:59,264 - INFO - Geo-Code Prediction: 1805
2023-01-08 23:13:59,272 - INFO - Geohash Decimal Prediction: 25251
2023-01-08 23:13:59,272 - INFO - Geohash Code Prediction: sp3
2023-01-08 23:13:59,272 - INFO - Latitude, Longitude (41.0, 2.0)
2023-01-08 23:14:58,733 - INFO - Geo-Code Prediction: 1596
2023-01-08 23:14:58,733 - INFO - Geohash Decimal Prediction: 13003
2023-01-08 23:14:58,733 - INFO - Geohash Code Prediction: dqc
2023-01-08 23:14:58,733 - INFO - Latitude, Longitude (39.0, -77.0)
2023-01-08 23:16:14,530 - INFO - Geo-Code Prediction: 1544
2023-01-08 23:16:14,530 - INFO - Geohash Decimal Prediction: 29644
2023-01-08 23:16:14,530 - INFO - Geohash Code Prediction: wyd
2023-01-08 23:16:14,535 - INFO - Latitude, Longitude (37.0, 127.0)
2023-01-08 23:17:44,691 - INFO - Geo-Code Prediction: 2832
2023-01-08 23:17:44,691 - INFO - Geohash Decimal Prediction: 26781
2023-01-08 23:17:44,691 - INFO - Geohash Code Prediction: u4x
2023-01-08 23:17:44,691 - INFO - Latitude, Longitude (60.0, 11.0)
2023-01-08 23:18:36,130 - INFO - Geo-Code Prediction: 1157
2023-01-08 23:18:36,130 - INFO - Geohash Decimal Prediction: 26135
2023-01-08 23:18:36,130 - INFO - Geohash Code Prediction: thr
2023-01-08 23:18:36,130 - INFO - Latitude, Longitude (25.0, 56.0)
2023-01-08 23:19:23,066 - INFO - Geo-Code Prediction: 630
2023-01-08 23:19:23,066 - INFO - Geohash Decimal Prediction: 23607
2023-01-08 23:19:23,066 - INFO - Geohash Code Prediction: r1r
2023-01-08 23:19:23,066 - INFO - Latitude, Longitude (-37.0, 146.0)
2023-01-08 23:20:09,463 - INFO - Geo-Code Prediction: 1400
2023-01-08 23:20:09,464 - INFO - Geohash Decimal Prediction: 9925
2023-01-08 23:20:09,464 - INFO - Geohash Code Prediction: 9q5
2023-01-08 23:20:09,464 - INFO - Latitude, Longitude (34.0, -119.0)
2023-01-08 23:20:45,700 - INFO - Geo-Code Prediction: 2892
2023-01-08 23:20:45,700 - INFO - Geohash Decimal Prediction: 10651
2023-01-08 23:20:45,700 - INFO - Geohash Code Prediction: bdv
2023-01-08 23:20:45,707 - INFO - Latitude, Longitude (61.0, -150.0)
2023-01-08 23:21:36,242 - INFO - Geo-Code Prediction: 2396
2023-01-08 23:21:36,242 - INFO - Geohash Decimal Prediction: 15733
2023-01-08 23:21:36,242 - INFO - Geohash Code Prediction: gcp
2023-01-08 23:21:36,242 - INFO - Latitude, Longitude (51.0, -1.0)
2023-01-08 23:22:06,943 - INFO - Geo-Code Prediction: 2396
2023-01-08 23:22:06,943 - INFO - Geohash Decimal Prediction: 15733
2023-01-08 23:22:06,949 - INFO - Geohash Code Prediction: gcp
2023-01-08 23:22:06,949 - INFO - Latitude, Longitude (51.0, -1.0)
2023-01-08 23:23:47,979 - INFO - Geo-Code Prediction: 2201
2023-01-08 23:23:47,979 - INFO - Geohash Decimal Prediction: 26633
2023-01-08 23:23:47,979 - INFO - Geohash Code Prediction: u09
2023-01-08 23:23:47,979 - INFO - Latitude, Longitude (49.0, 2.0)
2023-01-08 23:24:42,744 - INFO - Geo-Code Prediction: 1400
2023-01-08 23:24:42,752 - INFO - Geohash Decimal Prediction: 9925
2023-01-08 23:24:42,754 - INFO - Geohash Code Prediction: 9q5
2023-01-08 23:24:42,754 - INFO - Latitude, Longitude (34.0, -119.0)
2023-01-08 23:25:23,522 - INFO - Geo-Code Prediction: 1399
2023-01-08 23:25:23,522 - INFO - Geohash Decimal Prediction: 30336
2023-01-08 23:25:23,522 - INFO - Geohash Code Prediction: xn0
2023-01-08 23:25:23,522 - INFO - Latitude, Longitude (34.0, 136.0)
2023-01-08 23:26:18,767 - INFO - Geo-Code Prediction: 1596
2023-01-08 23:26:18,767 - INFO - Geohash Decimal Prediction: 13003
2023-01-08 23:26:18,767 - INFO - Geohash Code Prediction: dqc
2023-01-08 23:26:18,767 - INFO - Latitude, Longitude (39.0, -77.0)
